{"level":"info","message":"Server IS running","timestamp":"2025-02-18T12:10:33.214Z"}
{"level":"info","message":"Server IS running","timestamp":"2025-02-18T12:11:12.836Z"}
{"level":"info","message":"Server IS running","timestamp":"2025-02-18T12:11:39.116Z"}
{"level":"info","message":"Server IS running","timestamp":"2025-02-18T12:11:45.327Z"}
{"level":"info","message":"Server IS running","timestamp":"2025-02-18T12:12:33.128Z"}
{"level":"info","message":"Server IS running","timestamp":"2025-02-18T12:16:18.562Z"}
{"level":"info","message":"Server IS running","timestamp":"2025-02-18T12:16:31.471Z"}
{"level":"info","message":"Server IS running","timestamp":"2025-02-18T12:16:49.870Z"}
{"level":"info","message":"Server IS running","timestamp":"2025-02-18T12:16:55.737Z"}
{"level":"info","message":"Server IS running","timestamp":"2025-02-18T12:17:39.837Z"}
{"level":"info","message":"Server IS running","timestamp":"2025-02-18T12:18:10.187Z"}
{"level":"info","message":"DataBase Is Connected","timestamp":"2025-02-18T12:25:52.451Z"}
{"level":"info","message":"DataBase Is Connected","timestamp":"2025-02-18T12:26:05.798Z"}
{"level":"info","message":"DataBase Is Connected","timestamp":"2025-02-18T12:26:17.127Z"}
{"level":"info","message":"DataBase Is Connected","timestamp":"2025-02-18T12:26:23.271Z"}
{"level":"info","message":"DataBase Is Connected","timestamp":"2025-02-18T12:27:36.410Z"}
{"level":"info","message":"DataBase Is Connected","timestamp":"2025-02-18T12:27:43.109Z"}
{"level":"info","message":"DataBase Is Connected","timestamp":"2025-02-18T12:27:50.816Z"}
{"level":"info","message":"DataBase Is Connected","timestamp":"2025-02-18T12:32:30.413Z"}
{"level":"info","message":"DataBase Is Connected","timestamp":"2025-02-18T12:33:54.359Z"}
{"level":"info","message":"DataBase Is Connected","timestamp":"2025-02-18T12:34:23.071Z"}
{"level":"info","message":"DataBase Is Connected","timestamp":"2025-02-18T12:37:25.163Z"}
{"level":"info","message":"DataBase Is Connected","timestamp":"2025-02-18T12:38:06.997Z"}
{"level":"info","message":"DataBase Is Connected","timestamp":"2025-02-18T12:38:38.985Z"}
{"level":"info","message":"DataBase Is Connected","timestamp":"2025-02-18T12:38:53.870Z"}
{"level":"info","message":"DataBase Is Connected","timestamp":"2025-02-18T12:39:28.897Z"}
{"level":"info","message":"DataBase Is Connected","timestamp":"2025-02-18T12:42:55.606Z"}
{"level":"info","message":"DataBase Is Connected","timestamp":"2025-02-18T12:43:14.996Z"}
{"level":"info","message":"DataBase Is Connected","timestamp":"2025-02-18T12:44:38.005Z"}
{"level":"info","message":"DataBase Is Connected","timestamp":"2025-02-18T12:45:52.774Z"}
{"level":"info","message":"DataBase Is Connected","timestamp":"2025-02-18T12:46:09.954Z"}
{"level":"info","message":"DataBase Is Connected","timestamp":"2025-02-18T12:46:36.281Z"}
{"level":"info","message":"DataBase Is Connected","timestamp":"2025-02-18T12:50:19.143Z"}
{"level":"info","message":"DataBase Is Connected","timestamp":"2025-02-18T12:50:24.893Z"}
{"level":"info","message":"DataBase Is Connected","timestamp":"2025-02-18T12:53:07.510Z"}
{"level":"info","message":"DataBase Is Connected","timestamp":"2025-02-18T12:57:05.254Z"}
{"level":"info","message":"DataBase Is Connected","timestamp":"2025-02-18T12:57:27.946Z"}
{"level":"info","message":"DataBase Is Connected","timestamp":"2025-02-18T12:57:36.437Z"}
{"level":"info","message":"DataBase Is Connected","timestamp":"2025-02-18T12:58:39.832Z"}
{"level":"info","message":"DataBase Is Connected","timestamp":"2025-02-18T12:58:42.892Z"}
{"level":"info","message":"DataBase Is Connected","timestamp":"2025-02-18T12:58:52.766Z"}
{"level":"info","message":"DataBase Is Connected","timestamp":"2025-02-18T12:59:01.538Z"}
{"level":"info","message":"DataBase Is Connected","timestamp":"2025-02-18T12:59:09.000Z"}
{"level":"info","message":"DataBase Is Connected","timestamp":"2025-02-18T12:59:43.735Z"}
{"level":"info","message":"DataBase Is Connected","timestamp":"2025-02-18T13:01:04.388Z"}
{"level":"info","message":"DataBase Is Connected","timestamp":"2025-02-18T13:02:45.874Z"}
{"level":"info","message":"DataBase Is Connected","timestamp":"2025-02-18T13:11:37.521Z"}
{"level":"info","message":"DataBase Is Connected","timestamp":"2025-02-18T13:11:50.997Z"}
{"level":"info","message":"DataBase Is Connected","timestamp":"2025-02-18T13:12:40.937Z"}
{"level":"info","message":"DataBase Is Connected","timestamp":"2025-02-18T13:14:26.074Z"}
{"level":"info","message":"DataBase Is Connected","timestamp":"2025-02-18T13:14:38.491Z"}
{"level":"info","message":"DataBase Is Connected","timestamp":"2025-02-18T13:15:52.538Z"}
{"level":"info","message":"DataBase Is Connected","timestamp":"2025-02-18T13:15:54.368Z"}
{"level":"info","message":"DataBase Is Connected","timestamp":"2025-02-18T13:15:57.108Z"}
{"level":"info","message":"DataBase Is Connected","timestamp":"2025-02-18T13:16:02.039Z"}
{"level":"info","message":"DataBase Is Connected","timestamp":"2025-02-18T13:16:39.125Z"}
{"level":"info","message":"DataBase Is Connected","timestamp":"2025-02-18T13:16:51.170Z"}
{"level":"info","message":"DataBase Is Connected","timestamp":"2025-02-18T13:16:59.251Z"}
{"level":"info","message":"DataBase Is Connected","timestamp":"2025-02-18T13:23:23.377Z"}
{"level":"info","message":"DataBase Is Connected","timestamp":"2025-02-18T13:23:30.876Z"}
{"level":"info","message":"DataBase Is Connected","timestamp":"2025-02-18T13:23:38.445Z"}
{"level":"info","message":"user 67b1ccd27ea5dc9147728a1d logged in","timestamp":"2025-02-18T13:26:40.437Z"}
{"level":"info","message":"user 67b1ccd27ea5dc9147728a1d logged in","timestamp":"2025-02-18T13:27:45.436Z"}
{"level":"info","message":"DataBase Is Connected","timestamp":"2025-02-18T13:28:02.236Z"}
{"level":"info","message":"user 67b1ccd27ea5dc9147728a1d logged in","timestamp":"2025-02-18T13:28:05.488Z"}
{"level":"info","message":"user 67b1ccd27ea5dc9147728a1d logged in","timestamp":"2025-02-18T13:29:03.496Z"}
{"level":"info","message":"DataBase Is Connected","timestamp":"2025-02-18T13:34:25.965Z"}
{"level":"info","message":"DataBase Is Connected","timestamp":"2025-02-18T13:35:11.269Z"}
{"level":"info","message":"user 67b1be4c6926587a328dd54e logged in","timestamp":"2025-02-18T13:36:12.441Z"}
{"level":"info","message":"user 67b1be4c6926587a328dd54e logged in","timestamp":"2025-02-18T13:37:30.546Z"}
{"level":"info","message":"DataBase Is Connected","timestamp":"2025-02-18T13:39:00.823Z"}
{"level":"info","message":"DataBase Is Connected","timestamp":"2025-02-18T13:39:31.358Z"}
{"level":"info","message":"DataBase Is Connected","timestamp":"2025-02-18T13:39:42.579Z"}
{"level":"info","message":"DataBase Is Connected","timestamp":"2025-02-18T13:41:54.127Z"}
{"level":"error","message":"Error deleting image images-00100696103cf126.png: ENOENT: no such file or directory, stat '/home/thanos/programming/backend/projects/Blog-App-System/uploads/postsImages/images-00100696103cf126.png'","timestamp":"2025-02-18T13:42:08.824Z"}
{"level":"error","message":"Error deleting image images-227ac758463a2442.png: ENOENT: no such file or directory, stat '/home/thanos/programming/backend/projects/Blog-App-System/uploads/postsImages/images-227ac758463a2442.png'","timestamp":"2025-02-18T13:42:08.825Z"}
{"level":"info","message":"DataBase Is Connected","timestamp":"2025-02-18T13:43:25.860Z"}
{"level":"info","message":"DataBase Is Connected","timestamp":"2025-02-18T13:44:37.253Z"}
{"level":"info","message":"DataBase Is Connected","timestamp":"2025-02-18T13:45:09.648Z"}
{"level":"error","message":"Error deleting image images-bb72aa2272c03de7.png: ENOENT: no such file or directory, stat '/home/thanos/programming/backend/projects/Blog-App-System/uploads/postsImages/images-bb72aa2272c03de7.png'","timestamp":"2025-02-18T13:45:26.226Z"}
{"level":"info","message":"DataBase Is Connected","timestamp":"2025-02-18T13:46:44.328Z"}
{"level":"error","message":"Error deleting image images-652a3acf6e5b0217.png: The \"cb\" argument must be of type function. Received undefined","timestamp":"2025-02-18T13:46:51.749Z"}
{"level":"error","message":"Error deleting image images-365039bb5832721a.png: The \"cb\" argument must be of type function. Received undefined","timestamp":"2025-02-18T13:46:51.750Z"}
{"level":"error","message":"Error deleting image images-478a04a93f9d14ec.png: The \"cb\" argument must be of type function. Received undefined","timestamp":"2025-02-18T13:48:35.833Z"}
{"level":"error","message":"Error deleting image images-578523d0527b5ebb.png: The \"cb\" argument must be of type function. Received undefined","timestamp":"2025-02-18T13:48:35.834Z"}
{"level":"error","message":"Error deleting image images-000d5b39401a1eae.png: The \"cb\" argument must be of type function. Received undefined","timestamp":"2025-02-18T13:50:04.632Z"}
{"level":"error","message":"Error deleting image images-a592d0e90157ffc4.png: The \"cb\" argument must be of type function. Received undefined","timestamp":"2025-02-18T13:50:34.326Z"}
{"level":"error","message":"Error deleting image images-73b2db3b51d14f7e.png: The \"cb\" argument must be of type function. Received undefined","timestamp":"2025-02-18T13:50:53.346Z"}
{"level":"info","message":"DataBase Is Connected","timestamp":"2025-02-18T13:54:10.506Z"}
{"level":"info","message":"DataBase Is Connected","timestamp":"2025-02-18T13:54:26.546Z"}
{"level":"info","message":"user 67b1ccd27ea5dc9147728a1d logged in","timestamp":"2025-02-18T13:56:17.167Z"}
{"level":"info","message":"user 67b1ccd27ea5dc9147728a1d logged in","timestamp":"2025-02-18T13:56:25.932Z"}
{"level":"info","message":"DataBase Is Connected","timestamp":"2025-02-18T13:57:21.346Z"}
{"level":"info","message":"DataBase Is Connected","timestamp":"2025-02-18T13:57:24.468Z"}
{"level":"info","message":"user 67b1ccd27ea5dc9147728a1d logged in","timestamp":"2025-02-18T13:57:33.757Z"}
{"level":"info","message":"DataBase Is Connected","timestamp":"2025-02-18T13:58:51.740Z"}
{"level":"info","message":"DataBase Is Connected","timestamp":"2025-02-18T14:02:52.079Z"}
{"level":"info","message":"DataBase Is Connected","timestamp":"2025-02-18T14:03:03.254Z"}
