{"level":"info","message":"Server IS running","timestamp":"2025-02-16T23:27:35.315Z"}
{"level":"info","message":"DataBase Is Connected","timestamp":"2025-02-16T23:27:35.331Z"}
{"level":"info","message":"user 67b1be4c6926587a328dd54e logged in","timestamp":"2025-02-16T23:29:56.040Z"}
{"level":"info","message":"user 67b1ccd27ea5dc9147728a1d logged in","timestamp":"2025-02-16T23:31:32.330Z"}
{"level":"info","message":"Server IS running","timestamp":"2025-02-16T23:35:46.868Z"}
{"level":"info","message":"DataBase Is Connected","timestamp":"2025-02-16T23:35:46.886Z"}
{"level":"info","message":"Server IS running","timestamp":"2025-02-16T23:36:00.235Z"}
{"level":"info","message":"DataBase Is Connected","timestamp":"2025-02-16T23:36:00.251Z"}
{"level":"info","message":"Server IS running","timestamp":"2025-02-16T23:40:12.509Z"}
{"level":"info","message":"DataBase Is Connected","timestamp":"2025-02-16T23:40:12.525Z"}
{"level":"info","message":"Server IS running","timestamp":"2025-02-16T23:40:14.185Z"}
{"level":"info","message":"DataBase Is Connected","timestamp":"2025-02-16T23:40:14.201Z"}
{"level":"info","message":"Server IS running","timestamp":"2025-02-16T23:41:33.499Z"}
{"level":"info","message":"DataBase Is Connected","timestamp":"2025-02-16T23:41:33.517Z"}
{"level":"info","message":"Server IS running","timestamp":"2025-02-16T23:42:46.987Z"}
{"level":"info","message":"DataBase Is Connected","timestamp":"2025-02-16T23:42:47.006Z"}
{"level":"info","message":"Server IS running","timestamp":"2025-02-16T23:52:29.868Z"}
{"level":"info","message":"DataBase Is Connected","timestamp":"2025-02-16T23:52:29.885Z"}
{"level":"info","message":"Server IS running","timestamp":"2025-02-16T23:53:22.653Z"}
{"level":"info","message":"DataBase Is Connected","timestamp":"2025-02-16T23:53:22.672Z"}
{"level":"info","message":"Server IS running","timestamp":"2025-02-16T23:53:25.412Z"}
{"level":"info","message":"DataBase Is Connected","timestamp":"2025-02-16T23:53:25.428Z"}
{"level":"info","message":"Server IS running","timestamp":"2025-02-16T23:56:12.696Z"}
{"level":"info","message":"DataBase Is Connected","timestamp":"2025-02-16T23:56:12.712Z"}
{"level":"info","message":"Server IS running","timestamp":"2025-02-17T00:46:14.119Z"}
{"level":"info","message":"DataBase Is Connected","timestamp":"2025-02-17T00:46:14.135Z"}
{"level":"info","message":"user 67b286e9841e0248369b8e78 registered","timestamp":"2025-02-17T00:46:34.005Z"}
{"level":"info","message":"Server IS running","timestamp":"2025-02-17T01:39:03.883Z"}
{"level":"info","message":"DataBase Is Connected","timestamp":"2025-02-17T01:39:03.900Z"}
{"level":"info","message":"Server IS running","timestamp":"2025-02-17T02:20:37.518Z"}
{"level":"info","message":"DataBase Is Connected","timestamp":"2025-02-17T02:20:37.534Z"}
{"level":"info","message":"user 67b1ccd27ea5dc9147728a1d logged in","timestamp":"2025-02-17T02:21:09.337Z"}
{"level":"info","message":"User 67b1ccd27ea5dc9147728a1d changed their profile picture.","timestamp":"2025-02-17T02:22:00.169Z"}
{"level":"info","message":"Server IS running","timestamp":"2025-02-17T02:23:49.488Z"}
{"level":"info","message":"DataBase Is Connected","timestamp":"2025-02-17T02:23:49.503Z"}
{"level":"info","message":"Server IS running","timestamp":"2025-02-17T02:23:56.953Z"}
{"level":"info","message":"DataBase Is Connected","timestamp":"2025-02-17T02:23:56.970Z"}
{"level":"info","message":"Server IS running","timestamp":"2025-02-17T02:25:26.381Z"}
{"level":"info","message":"DataBase Is Connected","timestamp":"2025-02-17T02:25:26.397Z"}
{"level":"info","message":"Server IS running","timestamp":"2025-02-17T02:36:32.796Z"}
{"level":"info","message":"DataBase Is Connected","timestamp":"2025-02-17T02:36:32.820Z"}
{"level":"info","message":"Server IS running","timestamp":"2025-02-17T02:46:31.388Z"}
{"level":"info","message":"DataBase Is Connected","timestamp":"2025-02-17T02:46:31.407Z"}
{"level":"info","message":"Server IS running","timestamp":"2025-02-17T02:47:03.670Z"}
{"level":"info","message":"DataBase Is Connected","timestamp":"2025-02-17T02:47:03.688Z"}
{"level":"info","message":"user 67b1be4c6926587a328dd54e logged in","timestamp":"2025-02-17T02:48:22.372Z"}
{"level":"info","message":"Server IS running","timestamp":"2025-02-17T02:49:54.339Z"}
{"level":"info","message":"DataBase Is Connected","timestamp":"2025-02-17T02:49:54.358Z"}
{"level":"info","message":"Server IS running","timestamp":"2025-02-17T02:51:12.545Z"}
{"level":"info","message":"DataBase Is Connected","timestamp":"2025-02-17T02:51:12.562Z"}
{"level":"info","message":"Server IS running","timestamp":"2025-02-17T02:51:14.240Z"}
{"level":"info","message":"DataBase Is Connected","timestamp":"2025-02-17T02:51:14.258Z"}
{"level":"info","message":"Server IS running","timestamp":"2025-02-17T02:53:34.051Z"}
{"level":"info","message":"DataBase Is Connected","timestamp":"2025-02-17T02:53:34.069Z"}
{"level":"info","message":"Server IS running","timestamp":"2025-02-17T02:54:54.272Z"}
{"level":"info","message":"DataBase Is Connected","timestamp":"2025-02-17T02:54:54.289Z"}
{"level":"info","message":"Server IS running","timestamp":"2025-02-17T02:57:16.522Z"}
{"level":"info","message":"DataBase Is Connected","timestamp":"2025-02-17T02:57:16.539Z"}
{"level":"info","message":"Server IS running","timestamp":"2025-02-17T02:57:22.668Z"}
{"level":"info","message":"DataBase Is Connected","timestamp":"2025-02-17T02:57:22.686Z"}
{"level":"info","message":"Server IS running","timestamp":"2025-02-17T02:57:51.606Z"}
{"level":"info","message":"DataBase Is Connected","timestamp":"2025-02-17T02:57:51.623Z"}
{"level":"info","message":"Server IS running","timestamp":"2025-02-17T02:58:04.314Z"}
{"level":"info","message":"DataBase Is Connected","timestamp":"2025-02-17T02:58:04.332Z"}
{"level":"info","message":"Server IS running","timestamp":"2025-02-17T02:58:33.327Z"}
{"level":"info","message":"DataBase Is Connected","timestamp":"2025-02-17T02:58:33.346Z"}
{"level":"info","message":"Server IS running","timestamp":"2025-02-17T03:03:21.607Z"}
{"level":"info","message":"DataBase Is Connected","timestamp":"2025-02-17T03:03:21.622Z"}
{"level":"info","message":"Server IS running","timestamp":"2025-02-17T03:03:35.846Z"}
{"level":"info","message":"DataBase Is Connected","timestamp":"2025-02-17T03:03:35.864Z"}
{"level":"info","message":"Server IS running","timestamp":"2025-02-17T03:41:19.886Z"}
{"level":"info","message":"DataBase Is Connected","timestamp":"2025-02-17T03:41:19.903Z"}
{"level":"info","message":"Server IS running","timestamp":"2025-02-17T03:41:47.924Z"}
{"level":"info","message":"DataBase Is Connected","timestamp":"2025-02-17T03:41:47.941Z"}
{"level":"info","message":"Server IS running","timestamp":"2025-02-17T03:42:10.665Z"}
{"level":"info","message":"DataBase Is Connected","timestamp":"2025-02-17T03:42:10.683Z"}
{"level":"info","message":"Server IS running","timestamp":"2025-02-17T03:44:18.121Z"}
{"level":"info","message":"DataBase Is Connected","timestamp":"2025-02-17T03:44:18.137Z"}
{"level":"info","message":"Server IS running","timestamp":"2025-02-17T03:44:33.179Z"}
{"level":"info","message":"DataBase Is Connected","timestamp":"2025-02-17T03:44:33.201Z"}
{"level":"info","message":"Server IS running","timestamp":"2025-02-17T03:45:10.087Z"}
{"level":"info","message":"DataBase Is Connected","timestamp":"2025-02-17T03:45:10.105Z"}
{"level":"info","message":"Server IS running","timestamp":"2025-02-17T03:47:16.296Z"}
{"level":"info","message":"DataBase Is Connected","timestamp":"2025-02-17T03:47:16.315Z"}
{"level":"info","message":"Server IS running","timestamp":"2025-02-17T03:47:34.615Z"}
{"level":"info","message":"DataBase Is Connected","timestamp":"2025-02-17T03:47:34.637Z"}
{"level":"info","message":"Server IS running","timestamp":"2025-02-17T03:48:28.766Z"}
{"level":"info","message":"DataBase Is Connected","timestamp":"2025-02-17T03:48:28.783Z"}
{"level":"info","message":"Server IS running","timestamp":"2025-02-17T03:48:42.624Z"}
{"level":"info","message":"DataBase Is Connected","timestamp":"2025-02-17T03:48:42.642Z"}
{"level":"info","message":"Server IS running","timestamp":"2025-02-17T03:54:00.013Z"}
{"level":"info","message":"DataBase Is Connected","timestamp":"2025-02-17T03:54:00.032Z"}
{"level":"info","message":"Server IS running","timestamp":"2025-02-17T03:54:15.464Z"}
{"level":"info","message":"DataBase Is Connected","timestamp":"2025-02-17T03:54:15.480Z"}
{"level":"info","message":"Server IS running","timestamp":"2025-02-17T03:54:27.852Z"}
{"level":"info","message":"DataBase Is Connected","timestamp":"2025-02-17T03:54:27.868Z"}
{"level":"info","message":"Server IS running","timestamp":"2025-02-17T03:54:35.975Z"}
{"level":"info","message":"DataBase Is Connected","timestamp":"2025-02-17T03:54:35.991Z"}
{"level":"info","message":"Server IS running","timestamp":"2025-02-17T03:54:53.092Z"}
{"level":"info","message":"DataBase Is Connected","timestamp":"2025-02-17T03:54:53.111Z"}
{"level":"info","message":"Server IS running","timestamp":"2025-02-17T03:55:01.419Z"}
{"level":"info","message":"DataBase Is Connected","timestamp":"2025-02-17T03:55:01.436Z"}
{"level":"info","message":"Server IS running","timestamp":"2025-02-17T03:55:08.927Z"}
{"level":"info","message":"DataBase Is Connected","timestamp":"2025-02-17T03:55:08.944Z"}
{"level":"info","message":"Server IS running","timestamp":"2025-02-17T03:55:38.678Z"}
{"level":"info","message":"DataBase Is Connected","timestamp":"2025-02-17T03:55:38.695Z"}
{"level":"info","message":"Server IS running","timestamp":"2025-02-17T04:17:58.281Z"}
{"level":"info","message":"DataBase Is Connected","timestamp":"2025-02-17T04:17:58.299Z"}
{"level":"info","message":"Server IS running","timestamp":"2025-02-17T04:19:04.392Z"}
{"level":"info","message":"DataBase Is Connected","timestamp":"2025-02-17T04:19:04.409Z"}
{"level":"info","message":"Server IS running","timestamp":"2025-02-17T04:19:26.412Z"}
{"level":"info","message":"DataBase Is Connected","timestamp":"2025-02-17T04:19:26.430Z"}
{"level":"info","message":"Server IS running","timestamp":"2025-02-17T04:19:33.887Z"}
{"level":"info","message":"DataBase Is Connected","timestamp":"2025-02-17T04:19:33.904Z"}
{"level":"info","message":"Server IS running","timestamp":"2025-02-17T04:19:42.732Z"}
{"level":"info","message":"DataBase Is Connected","timestamp":"2025-02-17T04:19:42.749Z"}
{"level":"info","message":"Server IS running","timestamp":"2025-02-17T04:20:17.149Z"}
{"level":"info","message":"DataBase Is Connected","timestamp":"2025-02-17T04:20:17.166Z"}
{"level":"info","message":"Server IS running","timestamp":"2025-02-17T04:23:15.391Z"}
{"level":"info","message":"DataBase Is Connected","timestamp":"2025-02-17T04:23:15.409Z"}
{"level":"info","message":"Server IS running","timestamp":"2025-02-17T04:26:23.080Z"}
{"level":"info","message":"DataBase Is Connected","timestamp":"2025-02-17T04:26:23.097Z"}
{"level":"info","message":"Server IS running","timestamp":"2025-02-17T04:26:58.698Z"}
{"level":"info","message":"DataBase Is Connected","timestamp":"2025-02-17T04:26:58.716Z"}
{"level":"info","message":"Server IS running","timestamp":"2025-02-17T04:27:59.524Z"}
{"level":"info","message":"DataBase Is Connected","timestamp":"2025-02-17T04:27:59.540Z"}
{"level":"info","message":"Server IS running","timestamp":"2025-02-17T04:28:10.065Z"}
{"level":"info","message":"DataBase Is Connected","timestamp":"2025-02-17T04:28:10.084Z"}
{"level":"info","message":"Server IS running","timestamp":"2025-02-17T04:28:56.985Z"}
{"level":"info","message":"DataBase Is Connected","timestamp":"2025-02-17T04:28:57.003Z"}
{"level":"info","message":"Server IS running","timestamp":"2025-02-17T04:29:54.884Z"}
{"level":"info","message":"DataBase Is Connected","timestamp":"2025-02-17T04:29:54.901Z"}
{"level":"info","message":"Server IS running","timestamp":"2025-02-17T04:31:10.336Z"}
{"level":"info","message":"DataBase Is Connected","timestamp":"2025-02-17T04:31:10.354Z"}
{"level":"info","message":"Server IS running","timestamp":"2025-02-17T04:32:10.366Z"}
{"level":"info","message":"DataBase Is Connected","timestamp":"2025-02-17T04:32:10.384Z"}
